<?xml version="1.0" encoding="UTF-8"?>
<!DOCTYPE mapper 
   PUBLIC "-//mybatis.org//DTD Mapper 3.0//EN" 
   "http://mybatis.org/dtd/mybatis-3-mapper.dtd">
   
<mapper namespace="Board">



<select id="Select" resultType="TestVo">
	<![CDATA[
		select * from board
	]]>
</select>

<select id="Content" resultType="TestVo">
	<![CDATA[
		select * from board where img=#{img}
	]]>
</select>


<insert id="Insert" parameterType="TestVo">
 <![CDATA[
 	insert into board values(#{img})
 ]]>
</insert>

<delete id="Delete" parameterType="TestVo">
	<![CDATA[
		delete from board where img=#{img}
	]]>
</delete>

</mapper>